[     659ms] [INFO] %cDownload the React DevTools for a better development experience: https://react.dev/link/react-devtools font-weight:bold @ webpack-internal:///(app-pages-browser)/./node_modules/next/dist/compiled/react-dom/cjs/react-dom-client.development.js:25630
[     798ms] [WARNING] Please ensure that the container has a non-static position, like 'relative', 'fixed', or 'absolute' to ensure scroll offset is calculated correctly. @ webpack-internal:///(app-pages-browser)/./node_modules/motion-utils/dist/es/warn-once.mjs:15
[   38858ms] [LOG] [Fast Refresh] rebuilding @ webpack-internal:///(app-pages-browser)/./node_modules/next/dist/client/dev/hot-reloader/app/hot-reloader-app.js:196
[   39212ms] [ERROR] ./src/components/PublicationHighlights.tsx:4:1
Module not found: Can't resolve './SectionHeading'
  2 | import AnimateOnScroll from "./AnimateOnScroll";
  3 | import AnimatedDivider from "./AnimatedDivider";
> 4 | import SectionHeading from "./SectionHeading";
    | ^
  5 | import type { Publication } from "@/lib/publications";
  6 |
  7 | export default function PublicationHighlights({

https://nextjs.org/docs/messages/module-not-found

Import trace for requested module:
./src/app/page.tsx @ webpack-internal:///(app-pages-browser)/./node_modules/next/dist/next-devtools/userspace/app/errors/intercept-console-error.js:56
[   39220ms] [LOG] {file: Object} @ webpack-internal:///(app-pages-browser)/./node_modules/next/dist/compiled/next-devtools/index.js:1630
[   41532ms] [LOG] [Fast Refresh] done in 2675ms @ webpack-internal:///(app-pages-browser)/./node_modules/next/dist/client/dev/report-hmr-latency.js:13
[   41987ms] [LOG] [Fast Refresh] done in 3129ms @ webpack-internal:///(app-pages-browser)/./node_modules/next/dist/client/dev/report-hmr-latency.js:13
[   42217ms] [ERROR] ./src/components/PublicationHighlights.tsx:4:1
Module not found: Can't resolve './SectionHeading'
  2 | import AnimateOnScroll from "./AnimateOnScroll";
  3 | import AnimatedDivider from "./AnimatedDivider";
> 4 | import SectionHeading from "./SectionHeading";
    | ^
  5 | import type { Publication } from "@/lib/publications";
  6 |
  7 | export default function PublicationHighlights({

https://nextjs.org/docs/messages/module-not-found

Import trace for requested module:
./src/app/page.tsx @ webpack-internal:///(app-pages-browser)/./node_modules/next/dist/next-devtools/userspace/app/errors/intercept-console-error.js:56
[   42218ms] [LOG] {file: Object} @ webpack-internal:///(app-pages-browser)/./node_modules/next/dist/compiled/next-devtools/index.js:1630
[   42355ms] [ERROR] Failed to load resource: the server responded with a status of 500 (Internal Server Error) @ http://localhost:3000/?_rsc=fsnpp:0
[   42367ms] [ERROR] Failed to load resource: the server responded with a status of 500 (Internal Server Error) @ http://localhost:3000/?_rsc=fsnpp:0
[   42381ms] [ERROR] Failed to load resource: the server responded with a status of 500 (Internal Server Error) @ http://localhost:3000/?_rsc=fsnpp:0
[   42542ms] [ERROR] Failed to load resource: the server responded with a status of 500 (Internal Server Error) @ http://localhost:3000/:0
[   43517ms] [INFO] %cDownload the React DevTools for a better development experience: https://react.dev/link/react-devtools font-weight:bold @ webpack-internal:///(pages-dir-browser)/./node_modules/react-dom/cjs/react-dom-client.development.js:28004
[   43619ms] Error: Module not found: Can't resolve './SectionHeading'
  2 | import AnimateOnScroll from "./AnimateOnScroll";
  3 | import AnimatedDivider from "./AnimatedDivider";
> 4 | import SectionHeading from "./SectionHeading";
    | ^
  5 | import type { Publication } from "@/lib/publications";
  6 |
  7 | export default function PublicationHighlights({

https://nextjs.org/docs/messages/module-not-found

Import trace for requested module:
./src/app/page.tsx
    at <unknown> (https://nextjs.org/docs/messages/module-not-found)
    at getNotFoundError (file:///Users/tongshan/Documents/TongShan4869.github.io/next/node_modules/next/dist/build/webpack/plugins/wellknown-errors-plugin/parseNotFoundError.js:140:16)
    at async getModuleBuildError (file:///Users/tongshan/Documents/TongShan4869.github.io/next/node_modules/next/dist/build/webpack/plugins/wellknown-errors-plugin/webpackModuleError.js:103:27)
    at async (file:///Users/tongshan/Documents/TongShan4869.github.io/next/node_modules/next/dist/build/webpack/plugins/wellknown-errors-plugin/index.js:29:49)
    at async (file:///Users/tongshan/Documents/TongShan4869.github.io/next/node_modules/next/dist/build/webpack/plugins/wellknown-errors-plugin/index.js:27:21)
[   43602ms] [LOG] [HMR] connected @ webpack-internal:///(pages-dir-browser)/./node_modules/next/dist/client/dev/hot-reloader/pages/websocket.js:45
[   43605ms] [ERROR] ./src/components/PublicationHighlights.tsx:4:1
Module not found: Can't resolve './SectionHeading'
  2 | import AnimateOnScroll from "./AnimateOnScroll";
  3 | import AnimatedDivider from "./AnimatedDivider";
> 4 | import SectionHeading from "./SectionHeading";
    | ^
  5 | import type { Publication } from "@/lib/publications";
  6 |
  7 | export default function PublicationHighlights({

https://nextjs.org/docs/messages/module-not-found

Import trace for requested module:
./src/app/page.tsx @ webpack-internal:///(pages-dir-browser)/./node_modules/next/dist/next-devtools/userspace/pages/pages-dev-overlay-setup.js:76
[   43693ms] [LOG] {file: Object} @ webpack-internal:///(pages-dir-browser)/./node_modules/next/dist/compiled/next-devtools/index.js:1630
[   48075ms] [LOG] [Fast Refresh] rebuilding @ webpack-internal:///(pages-dir-browser)/./node_modules/next/dist/client/dev/hot-reloader/pages/hot-reloader-pages.js:206
[   48087ms] [ERROR] Failed to load resource: the server responded with a status of 404 (Not Found) @ http://localhost:3000/_next/static/webpack/4299509235deed7f.webpack.hot-update.json:0
[   48088ms] [WARNING] [Fast Refresh] performing full reload because your application had an unrecoverable error @ webpack-internal:///(pages-dir-browser)/./node_modules/next/dist/client/dev/hot-reloader/pages/hot-reloader-pages.js:347
[   49429ms] [ERROR] Failed to load resource: the server responded with a status of 404 (Not Found) @ http://localhost:3000/_next/static/webpack/4299509235deed7f.webpack.hot-update.json:0
[   49430ms] [WARNING] [Fast Refresh] performing full reload because your application had an unrecoverable error @ webpack-internal:///(pages-dir-browser)/./node_modules/next/dist/client/dev/hot-reloader/pages/hot-reloader-pages.js:347
[   51045ms] [INFO] %cDownload the React DevTools for a better development experience: https://react.dev/link/react-devtools font-weight:bold @ webpack-internal:///(app-pages-browser)/./node_modules/next/dist/compiled/react-dom/cjs/react-dom-client.development.js:25630
[   51234ms] [WARNING] Please ensure that the container has a non-static position, like 'relative', 'fixed', or 'absolute' to ensure scroll offset is calculated correctly. @ webpack-internal:///(app-pages-browser)/./node_modules/motion-utils/dist/es/warn-once.mjs:15
[   63608ms] [LOG] [Fast Refresh] rebuilding @ webpack-internal:///(app-pages-browser)/./node_modules/next/dist/client/dev/hot-reloader/app/hot-reloader-app.js:196
[   63768ms] [LOG] [Fast Refresh] done in 161ms @ webpack-internal:///(app-pages-browser)/./node_modules/next/dist/client/dev/report-hmr-latency.js:13
[  132936ms] [LOG] [Fast Refresh] rebuilding @ webpack-internal:///(app-pages-browser)/./node_modules/next/dist/client/dev/hot-reloader/app/hot-reloader-app.js:196
[  133921ms] [LOG] [Fast Refresh] done in 984ms @ webpack-internal:///(app-pages-browser)/./node_modules/next/dist/client/dev/report-hmr-latency.js:13
[  194267ms] [LOG] [Fast Refresh] rebuilding @ webpack-internal:///(app-pages-browser)/./node_modules/next/dist/client/dev/hot-reloader/app/hot-reloader-app.js:196
[  195477ms] [LOG] [Fast Refresh] done in 1211ms @ webpack-internal:///(app-pages-browser)/./node_modules/next/dist/client/dev/report-hmr-latency.js:13
[  199527ms] [LOG] [Fast Refresh] rebuilding @ webpack-internal:///(app-pages-browser)/./node_modules/next/dist/client/dev/hot-reloader/app/hot-reloader-app.js:196
[  200090ms] [LOG] [Fast Refresh] done in 563ms @ webpack-internal:///(app-pages-browser)/./node_modules/next/dist/client/dev/report-hmr-latency.js:13
[  310161ms] [LOG] [Fast Refresh] rebuilding @ webpack-internal:///(app-pages-browser)/./node_modules/next/dist/client/dev/hot-reloader/app/hot-reloader-app.js:196
[  311120ms] [LOG] [Fast Refresh] done in 959ms @ webpack-internal:///(app-pages-browser)/./node_modules/next/dist/client/dev/report-hmr-latency.js:13
